{
  "RSpec": {
    "coverage": {
      "/Users/sabat/_Rails/news2/vendor/gems/social_blast/lib/social_blast.rb": [
        1,
        1,
        1,
        1,
        1,
        1,
        1,
        1,
        null,
        1,
        1,
        1,
        null,
        1,
        null,
        1,
        null,
        1,
        1,
        27,
        null,
        null,
        1,
        5,
        null,
        null,
        1,
        2,
        null,
        null,
        1,
        11,
        null,
        null,
        1,
        22,
        null,
        null,
        1,
        2,
        null,
        null,
        1,
        3,
        null,
        null,
        1,
        6,
        null,
        null,
        1,
        3,
        null,
        null,
        1,
        10,
        null,
        null,
        null,
        null,
        null,
        1,
        12,
        10,
        10,
        null,
        null,
        1,
        8,
        6,
        null,
        null,
        null,
        1,
        1,
        2,
        null,
        null,
        null,
        1,
        5,
        4,
        6,
        3,
        null,
        1,
        null,
        null,
        null,
        1,
        4,
        null,
        null,
        null,
        null,
        1,
        null,
        1,
        10,
        10,
        null,
        null,
        1,
        2,
        null,
        null,
        1,
        7,
        7,
        null,
        null,
        null,
        1,
        1,
        null,
        null,
        null,
        null
      ],
      "/Users/sabat/_Rails/news2/vendor/gems/social_blast/lib/social_blast/shm_store.rb": [
        1,
        null,
        1,
        69,
        1,
        null,
        68,
        null,
        69,
        null,
        null,
        1,
        56,
        1,
        null,
        55,
        null,
        null,
        null,
        1,
        127,
        null,
        null,
        null,
        null
      ],
      "/Users/sabat/_Rails/news2/vendor/gems/social_blast/lib/social_blast/object.rb": [
        1,
        1,
        55,
        null,
        null,
        1,
        39,
        null,
        null,
        null
      ],
      "/Users/sabat/_Rails/news2/vendor/gems/social_blast/lib/social_blast/config.rb": [
        1,
        1,
        null,
        1,
        1,
        null,
        1,
        1,
        10,
        10,
        null,
        null,
        1,
        null,
        null,
        1,
        null,
        1,
        null,
        1,
        1,
        1,
        null,
        1,
        18,
        null,
        null,
        null
      ],
      "/Users/sabat/_Rails/news2/vendor/gems/social_blast/lib/social_blast/services.rb": [
        1,
        1,
        null,
        null,
        null,
        null,
        null,
        null,
        null,
        1,
        1,
        1,
        31,
        16,
        null,
        null,
        null,
        null
      ],
      "/Users/sabat/_Rails/news2/vendor/gems/social_blast/lib/social_blast/base_service.rb": [
        1,
        1,
        null,
        1,
        null,
        1,
        3,
        null,
        null,
        1,
        2,
        null,
        null,
        1,
        3,
        null,
        null,
        1,
        8,
        30,
        null,
        null,
        null,
        null,
        null,
        1,
        6,
        6,
        6,
        null,
        null,
        1,
        1,
        null,
        null,
        1,
        1,
        null,
        null,
        1,
        1,
        null,
        null,
        null,
        null,
        1,
        null,
        1,
        61,
        null,
        null,
        1,
        2,
        null,
        null,
        null,
        null,
        null
      ],
      "/Users/sabat/_Rails/news2/vendor/gems/social_blast/lib/social_blast/services/twitter_service.rb": [
        1,
        1,
        null,
        1,
        1,
        null,
        1,
        1,
        null,
        1,
        null,
        null,
        null,
        null,
        null,
        null,
        1,
        8,
        null,
        null,
        null,
        null,
        1,
        2,
        2,
        1,
        1,
        null,
        null,
        null,
        null,
        null,
        1,
        null,
        1,
        2,
        null,
        null,
        null,
        null,
        null,
        null
      ],
      "/Users/sabat/_Rails/news2/vendor/gems/social_blast/lib/social_blast/timed_counter.rb": [
        1,
        1,
        null,
        1,
        null,
        1,
        13,
        13,
        null,
        null,
        1,
        6,
        null,
        null,
        1,
        26,
        26,
        null,
        null,
        1,
        3,
        null,
        null,
        1,
        9,
        9,
        2,
        2,
        null,
        7,
        null,
        null,
        null,
        1,
        1,
        null,
        null,
        1,
        9,
        null,
        null,
        1,
        7,
        2,
        null,
        5,
        null,
        7,
        null,
        null,
        1,
        1,
        null,
        null,
        1,
        1,
        null,
        null,
        null,
        null,
        1,
        null,
        1,
        7,
        7,
        null,
        null,
        1,
        7,
        null,
        null,
        null,
        null
      ],
      "/Users/sabat/_Rails/news2/vendor/gems/social_blast/lib/social_blast/exceptions.rb": [
        1,
        1,
        1,
        1,
        null
      ],
      "/Users/sabat/_Rails/news2/vendor/gems/social_blast/spec/social_blast_services_spec.rb": [
        1,
        1,
        null,
        1,
        1,
        3,
        null,
        3,
        3,
        3,
        3,
        null,
        3,
        3,
        3,
        null,
        null,
        3,
        null,
        2,
        2,
        null,
        1,
        2,
        2,
        null,
        null,
        null
      ],
      "/Users/sabat/_Rails/news2/vendor/gems/social_blast/spec/social_blast_services_twitter_service_spec.rb": [
        1,
        null,
        1,
        1,
        7,
        7,
        7,
        7,
        7,
        7,
        null,
        null,
        5,
        null,
        2,
        2,
        null,
        1,
        2,
        2,
        null,
        null,
        1,
        1,
        2,
        null,
        2,
        null,
        null,
        1,
        5,
        5,
        null,
        2,
        2,
        2,
        2,
        null,
        null,
        1,
        1,
        3,
        3,
        null,
        1,
        1,
        2,
        null,
        null,
        1,
        1,
        2,
        null,
        null,
        null,
        null
      ],
      "/Users/sabat/_Rails/news2/vendor/gems/social_blast/spec/social_blast_shm_store_spec.rb": [
        1,
        null,
        1,
        null,
        1,
        1,
        2,
        2,
        2,
        null,
        null,
        3,
        7,
        null,
        1,
        6,
        6,
        null,
        null,
        7,
        null,
        1,
        1,
        1,
        null,
        null,
        1,
        1,
        null,
        null,
        1,
        1,
        1,
        1,
        1,
        null,
        null,
        1,
        1,
        1,
        1,
        null,
        null,
        null,
        1,
        1,
        1,
        1,
        1,
        null,
        null,
        1,
        1,
        1,
        1,
        null,
        null,
        null,
        null,
        null
      ],
      "/Users/sabat/_Rails/news2/vendor/gems/social_blast/spec/social_blast_spec.rb": [
        1,
        1,
        null,
        1,
        25,
        2,
        25,
        null,
        1,
        1,
        null,
        null,
        1,
        1,
        null,
        null,
        1,
        1,
        1,
        null,
        null,
        2,
        null,
        1,
        1,
        null,
        1,
        2,
        2,
        null,
        null,
        null,
        1,
        12,
        1,
        3,
        3,
        3,
        3,
        3,
        3,
        null,
        null,
        9,
        12,
        null,
        2,
        2,
        null,
        1,
        1,
        1,
        1,
        null,
        null,
        1,
        1,
        1,
        null,
        null,
        1,
        1,
        1,
        null,
        null,
        1,
        1,
        2,
        null,
        null,
        1,
        1,
        1,
        1,
        null,
        null,
        1,
        1,
        1,
        null,
        null,
        1,
        1,
        null,
        null,
        1,
        1,
        null,
        1,
        1,
        null,
        null,
        1,
        1,
        1,
        null,
        null,
        1,
        1,
        1,
        1,
        1,
        1,
        null,
        null,
        1,
        9,
        9,
        3,
        null,
        1,
        2,
        2,
        2,
        2,
        2,
        2,
        2,
        null,
        null,
        1,
        1,
        null,
        null,
        1,
        1,
        1,
        null,
        null,
        1,
        1,
        4,
        4,
        null,
        null,
        1,
        1,
        1,
        null,
        null,
        1,
        1,
        1,
        null,
        null,
        1,
        1,
        1,
        null,
        null,
        1,
        1,
        1,
        1,
        null,
        1,
        null,
        null,
        1,
        1,
        1,
        null,
        2,
        null,
        null,
        null,
        null,
        null
      ],
      "/Users/sabat/_Rails/news2/vendor/gems/social_blast/spec/timed_counter_spec.rb": [
        1,
        null,
        1,
        1,
        2,
        null,
        null,
        1,
        14,
        null,
        2,
        2,
        null,
        2,
        null,
        1,
        1,
        1,
        null,
        null,
        1,
        1,
        null,
        null,
        1,
        1,
        1,
        null,
        null,
        1,
        1,
        1,
        1,
        null,
        null,
        1,
        4,
        null,
        null,
        1,
        1,
        4,
        null,
        null,
        2,
        null,
        1,
        1,
        1,
        4,
        null,
        null,
        2,
        2,
        null,
        null,
        null
      ]
    },
    "timestamp": 1347041559
  }
}
